\BOOKMARK [0][-]{chapter*.1}{Preface}{}% 1
\BOOKMARK [0][-]{chapter.1}{Bonding. The Internal Structure of Solids}{}% 2
\BOOKMARK [1][-]{section.1.1}{The van der Waals forces}{chapter.1}% 3
\BOOKMARK [1][-]{section.1.2}{The ionic bond}{chapter.1}% 4
\BOOKMARK [1][-]{section.1.3}{The covalent bond}{chapter.1}% 5
\BOOKMARK [1][-]{section.1.4}{The metallic bond}{chapter.1}% 6
\BOOKMARK [1][-]{section.1.5}{The hydrogen bond}{chapter.1}% 7
\BOOKMARK [1][-]{section.1.6}{Comparison between bonds of various kinds}{chapter.1}% 8
\BOOKMARK [1][-]{section.1.7}{Forces of repulsion}{chapter.1}% 9
\BOOKMARK [1][-]{section.1.8}{Crystal lattice}{chapter.1}% 10
\BOOKMARK [1][-]{section.1.9}{Notation to describe sites, directions, and planes in a crystal}{chapter.1}% 11
\BOOKMARK [1][-]{section.1.10}{Classification of solids based on the nature of bonds}{chapter.1}% 12
\BOOKMARK [1][-]{section.1.11}{Polymorphism}{chapter.1}% 13
\BOOKMARK [1][-]{section.1.12}{Imperfections and defects of the crystal lattice}{chapter.1}% 14
\BOOKMARK [0][-]{chapter.2}{Mechanical Properties of Solids}{}% 15
\BOOKMARK [1][-]{section.2.13}{Elastic and plastic deformations. Hooke's law}{chapter.2}% 16
\BOOKMARK [1][-]{section.2.14}{Principal laws governing plastic flow in crystals}{chapter.2}% 17
\BOOKMARK [1][-]{section.2.15}{Mechanical twinning}{chapter.2}% 18
\BOOKMARK [1][-]{section.2.16}{Theoretical and real shear strengths of crystals}{chapter.2}% 19
\BOOKMARK [1][-]{section.2.17}{The dislocation concept. Principal types of dislocations}{chapter.2}% 20
\BOOKMARK [1][-]{section.2.18}{Forces needed to move dislocations}{chapter.2}% 21
\BOOKMARK [1][-]{section.2.19}{Sources of dislocations. Strengthening of crystals}{chapter.2}% 22
\BOOKMARK [1][-]{section.2.20}{Brittle strength of solids}{chapter.2}% 23
\BOOKMARK [1][-]{section.2.21}{Time dependence of fhe strength of solids}{chapter.2}% 24
\BOOKMARK [1][-]{section.2.22}{Methods of increasing the strength of solids}{chapter.2}% 25
\BOOKMARK [0][-]{chapter.3}{Elements of Physical Statistics}{}% 26
\BOOKMARK [1][-]{section.3.23}{Methods used to describe the state of a macroscopic system}{chapter.3}% 27
\BOOKMARK [1][-]{section.3.24}{Degenerate and nondegenerate ensembles}{chapter.3}% 28
\BOOKMARK [1][-]{section.3.25}{The number of states for microscopic particles}{chapter.3}% 29
\BOOKMARK [1][-]{section.3.26}{Distribution function for a nondegenerate gas}{chapter.3}% 30
\BOOKMARK [1][-]{section.3.27}{Distribution function for a degenerate fermion gas}{chapter.3}% 31
\BOOKMARK [1][-]{section.3.28}{Distribution function for a degenerate boson gas}{chapter.3}% 32
\BOOKMARK [1][-]{section.3.29}{Rules for statistical averaging}{chapter.3}% 33
\BOOKMARK [0][-]{chapter.4}{Thermal Properties of Solids}{}% 34
\BOOKMARK [1][-]{section.4.30}{Normal modes of a lattice}{chapter.4}% 35
\BOOKMARK [1][-]{section.4.31}{Normal modes spectrum of a lattice}{chapter.4}% 36
\BOOKMARK [1][-]{section.4.32}{Phonons}{chapter.4}% 37
\BOOKMARK [1][-]{section.4.33}{Heat capacity of solids}{chapter.4}% 38
\BOOKMARK [1][-]{section.4.34}{Heat capacity of electron gas}{chapter.4}% 39
\BOOKMARK [1][-]{section.4.35}{Thermal expansion of solids}{chapter.4}% 40
\BOOKMARK [1][-]{section.4.36}{Heat conductivity of solids}{chapter.4}% 41
\BOOKMARK [0][-]{chapter.5}{The Band Theory of Solids}{}% 42
\BOOKMARK [1][-]{section.5.37}{Electron energy levels of a free atom}{chapter.5}% 43
\BOOKMARK [1][-]{section.5.38}{Collectivization of electrons in a crystal}{chapter.5}% 44
\BOOKMARK [1][-]{section.5.39}{Energy spectrum of electrons in a crystal}{chapter.5}% 45
\BOOKMARK [1][-]{section.5.40}{Dependence of electron energy on the wave vector}{chapter.5}% 46
\BOOKMARK [1][-]{section.5.41}{Effective mass of the electron}{chapter.5}% 47
\BOOKMARK [1][-]{section.5.42}{Occupation of bands by electrons}{chapter.5}% 48
\BOOKMARK [1][-]{section.5.43}{Intrinsic semiconductors. The concept of a hole}{chapter.5}% 49
\BOOKMARK [1][-]{section.5.44}{Impurity semiconductors}{chapter.5}% 50
\BOOKMARK [1][-]{section.5.45}{Position of the Fermi level and free carrier concentration in semiconductors}{chapter.5}% 51
\BOOKMARK [1][-]{section.5.46}{Nonequilibrium carriers}{chapter.5}% 52
\BOOKMARK [0][-]{chapter.6}{Electrical Conductivity of Solids}{}% 53
\BOOKMARK [1][-]{section.6.47}{Equilibrium state of electron gas in a conductor in the absence of an electric field}{chapter.6}% 54
\BOOKMARK [1][-]{section.6.48}{Electron drift in an electric field}{chapter.6}% 55
\BOOKMARK [1][-]{section.6.49}{Relaxation time and mean free path}{chapter.6}% 56
\BOOKMARK [1][-]{section.6.50}{Specific conductance of a conductor}{chapter.6}% 57
\BOOKMARK [1][-]{section.6.51}{Electrical conductivity of nondegenerate and degenerate gases}{chapter.6}% 58
\BOOKMARK [1][-]{section.6.52}{Wiedemann-Franz-Lorenz law}{chapter.6}% 59
\BOOKMARK [1][-]{section.6.53}{Temperature dependence of carrier mobility}{chapter.6}% 60
\BOOKMARK [1][-]{section.6.54}{Electrical conductivity of pure metals}{chapter.6}% 61
\BOOKMARK [1][-]{section.6.55}{Electrical conductivity of metal alloys}{chapter.6}% 62
\BOOKMARK [1][-]{section.6.56}{Intrinsic conductivity of semiconductors}{chapter.6}% 63
\BOOKMARK [1][-]{section.6.57}{Impurity \(extrinsic\) conductivity of semiconductors}{chapter.6}% 64
\BOOKMARK [1][-]{section.6.58}{Deviation from Ohm's law. The effect of a strong field}{chapter.6}% 65
\BOOKMARK [1][-]{section.6.59}{The Gunn effect}{chapter.6}% 66
\BOOKMARK [1][-]{section.6.60}{Photoconductivity of semiconductors}{chapter.6}% 67
\BOOKMARK [1][-]{section.6.61}{Luminescence}{chapter.6}% 68
\BOOKMARK [1][-]{section.6.62}{Fundamentals of superconductivity}{chapter.6}% 69
\BOOKMARK [0][-]{chapter.7}{Magnetic Properties of Solids}{}% 70
\BOOKMARK [1][-]{section.7.63}{Magnetic field in magnetic materials}{chapter.7}% 71
\BOOKMARK [1][-]{section.7.64}{Magnetic properties of solids}{chapter.7}% 72
\BOOKMARK [1][-]{section.7.65}{Magnetic properties of atoms}{chapter.7}% 73
\BOOKMARK [1][-]{section.7.66}{Origin of diamagnetism}{chapter.7}% 74
\BOOKMARK [1][-]{section.7.67}{Origin of paramagnetism}{chapter.7}% 75
\BOOKMARK [1][-]{section.7.68}{Origin of ferromagnetism}{chapter.7}% 76
\BOOKMARK [1][-]{section.7.69}{Antiferromagnetism}{chapter.7}% 77
\BOOKMARK [1][-]{section.7.70}{Ferrimagnetism. Ferrites}{chapter.7}% 78
\BOOKMARK [1][-]{section.7.71}{Magnetic resonance}{chapter.7}% 79
\BOOKMARK [1][-]{section.7.72}{Fundamentals of quantum electronics}{chapter.7}% 80
\BOOKMARK [0][-]{chapter.8}{Contact Phenomena}{}% 81
\BOOKMARK [1][-]{section.8.73}{Work function}{chapter.8}% 82
\BOOKMARK [1][-]{section.8.74}{Contact of two metals}{chapter.8}% 83
\BOOKMARK [1][-]{section.8.75}{The metal-semiconductor contact}{chapter.8}% 84
\BOOKMARK [1][-]{section.8.76}{Contact between two semiconductors of different types of conductivity}{chapter.8}% 85
\BOOKMARK [1][-]{section.8.77}{Physical principles of semiconductor p-n junction devices}{chapter.8}% 86
\BOOKMARK [1][-]{section.8.78}{Fundamentals of integrated circuit electronics \(microelectronics\)}{chapter.8}% 87
\BOOKMARK [0][-]{chapter.9}{Thermoelectric and Galvanomagnetic Phenomena}{}% 88
\BOOKMARK [1][-]{section.9.79}{The Seebeck effect}{chapter.9}% 89
\BOOKMARK [1][-]{section.9.80}{The Peltier effect}{chapter.9}% 90
\BOOKMARK [1][-]{section.9.81}{The Thomson effect}{chapter.9}% 91
\BOOKMARK [1][-]{section.9.82}{Galvanomagnetic phenomena}{chapter.9}% 92
\BOOKMARK [1][-]{section.9.83}{Practical applications of thermoelectric and galvanomagnetic phenomena}{chapter.9}% 93
\BOOKMARK [0][-]{appendix*.234}{APPENDICES}{}% 94
\BOOKMARK [1][-]{section.Alph0.1}{Derivation of the Maxwell-Boltzmann distribution function}{appendix*.234}% 95
\BOOKMARK [1][-]{section.Alph0.2}{Derivation of the Fermi-Dirac distribution function}{appendix*.234}% 96
\BOOKMARK [1][-]{section.Alph0.3}{Derivation of the Bose-Einstein distribution function}{appendix*.234}% 97
\BOOKMARK [1][-]{section.Alph0.4}{Tables}{appendix*.234}% 98
\BOOKMARK [0][-]{appendix*.237}{Glossary of Symbols and Notations}{}% 99
\BOOKMARK [0][-]{appendix*.243}{Bibliography}{}% 100
