\BOOKMARK [0][-]{chapter*.1}{Preface}{}% 1
\BOOKMARK [-1][-]{part.1}{I ELECTRICITY AND MAGNETISM}{}% 2
\BOOKMARK [0][-]{chapter.1}{ELECTRIC FIELD IN A VACUUM}{part.1}% 3
\BOOKMARK [1][-]{section.1.1}{Electric Charge}{chapter.1}% 4
\BOOKMARK [1][-]{section.1.2}{Coulomb's Law}{chapter.1}% 5
\BOOKMARK [1][-]{section.1.3}{Systems of Units}{chapter.1}% 6
\BOOKMARK [1][-]{section.1.4}{Rationalized Form of Writing Formulas}{chapter.1}% 7
\BOOKMARK [1][-]{section.1.5}{Electric Field. Field Strength}{chapter.1}% 8
\BOOKMARK [1][-]{section.1.6}{Potential}{chapter.1}% 9
\BOOKMARK [1][-]{section.1.7}{Interaction Energy of a System of Charges}{chapter.1}% 10
\BOOKMARK [1][-]{section.1.8}{Relation Between Electric Field Strength and Potential}{chapter.1}% 11
\BOOKMARK [1][-]{section.1.9}{Dipole}{chapter.1}% 12
\BOOKMARK [1][-]{section.1.10}{Field of a System of Charges at Great Distances}{chapter.1}% 13
\BOOKMARK [1][-]{section.1.11}{A Description of the Properties of Vector Fields}{chapter.1}% 14
\BOOKMARK [1][-]{section.1.12}{Circulation and Curl of an Electrostatic Field}{chapter.1}% 15
\BOOKMARK [1][-]{section.1.13}{Gauss's Theorem}{chapter.1}% 16
\BOOKMARK [1][-]{section.1.14}{Calculating Fields with the Aid of Gauss's Theorem}{chapter.1}% 17
\BOOKMARK [0][-]{chapter.2}{ELECTRIC FIELD IN DIELECTRICS}{part.1}% 18
\BOOKMARK [1][-]{section.2.1}{Polar and Non-Polar Molecules}{chapter.2}% 19
\BOOKMARK [1][-]{section.2.2}{Polarization of Dielectrics}{chapter.2}% 20
\BOOKMARK [1][-]{section.2.3}{The Field Inside a Dielectric}{chapter.2}% 21
\BOOKMARK [1][-]{section.2.4}{Space and Surface Bound Charges}{chapter.2}% 22
\BOOKMARK [1][-]{section.2.5}{Electric Displacement Vector}{chapter.2}% 23
\BOOKMARK [1][-]{section.2.6}{Examples of Calculating the Field in Dielectrics}{chapter.2}% 24
\BOOKMARK [1][-]{section.2.7}{Conditions on the Interface Between Two Dielectrics}{chapter.2}% 25
\BOOKMARK [1][-]{section.2.8}{Forces Acting on a Charge in a Dielectric}{chapter.2}% 26
\BOOKMARK [1][-]{section.2.9}{Ferroelectrics}{chapter.2}% 27
\BOOKMARK [0][-]{chapter.3}{CONDUCTORS IN AN ELECTRIC FIELD}{part.1}% 28
\BOOKMARK [1][-]{section.3.1}{Equilibrium of Charges on a Conductor}{chapter.3}% 29
\BOOKMARK [1][-]{section.3.2}{A Conductor in an External Electric Field}{chapter.3}% 30
\BOOKMARK [1][-]{section.3.3}{Capacitance}{chapter.3}% 31
\BOOKMARK [1][-]{section.3.4}{Capacitors}{chapter.3}% 32
\BOOKMARK [0][-]{chapter.4}{ENERGY OF AN ELECTRIC FIELD}{part.1}% 33
\BOOKMARK [1][-]{section.4.1}{Energy of a Charged Conductor}{chapter.4}% 34
\BOOKMARK [1][-]{section.4.2}{Energy of a Charged Capacitor}{chapter.4}% 35
\BOOKMARK [1][-]{section.4.3}{Energy of an Electric Field}{chapter.4}% 36
\BOOKMARK [0][-]{chapter.5}{STEADY ELECTRIC CURRENT}{part.1}% 37
\BOOKMARK [1][-]{section.5.1}{Electric Current}{chapter.5}% 38
\BOOKMARK [1][-]{section.5.2}{Continuity Equation}{chapter.5}% 39
\BOOKMARK [1][-]{section.5.3}{Electromotive Force}{chapter.5}% 40
\BOOKMARK [1][-]{section.5.4}{Ohm's Law. Resistance of Conductors}{chapter.5}% 41
\BOOKMARK [1][-]{section.5.5}{Ohm's Law for an Inhomogeneous Circuit Section}{chapter.5}% 42
\BOOKMARK [1][-]{section.5.6}{Multiloop Circuits. Kirchhoff's Rules}{chapter.5}% 43
\BOOKMARK [1][-]{section.5.7}{Power of a Current}{chapter.5}% 44
\BOOKMARK [1][-]{section.5.8}{The Joule-Lenz Law}{chapter.5}% 45
\BOOKMARK [0][-]{chapter.6}{MAGNETIC FIELD IN A VACUUM}{part.1}% 46
\BOOKMARK [1][-]{section.6.1}{Interaction of Currents}{chapter.6}% 47
\BOOKMARK [1][-]{section.6.2}{Magnetic Field}{chapter.6}% 48
\BOOKMARK [1][-]{section.6.3}{Field of a Moving Charge}{chapter.6}% 49
\BOOKMARK [1][-]{section.6.4}{The Biot-Savart Law}{chapter.6}% 50
\BOOKMARK [1][-]{section.6.5}{The Lorentz Force}{chapter.6}% 51
\BOOKMARK [1][-]{section.6.6}{Ampere's Law}{chapter.6}% 52
\BOOKMARK [1][-]{section.6.7}{Magnetism as a Relativistic Effect}{chapter.6}% 53
\BOOKMARK [1][-]{section.6.8}{Current Loop in a Magnetic Field}{chapter.6}% 54
\BOOKMARK [1][-]{section.6.9}{Magnetic Field of a Current Loop}{chapter.6}% 55
\BOOKMARK [1][-]{section.6.10}{Work Done When a Current Moves in a Magnetic Field}{chapter.6}% 56
\BOOKMARK [1][-]{section.6.11}{Divergence and Curl of a Magnetic Field}{chapter.6}% 57
\BOOKMARK [1][-]{section.6.12}{Field of a Solenoid and Toroid}{chapter.6}% 58
\BOOKMARK [0][-]{chapter.7}{MAGNETIC FIELD IN A SUBSTANCE}{part.1}% 59
\BOOKMARK [1][-]{section.7.1}{Magnetization of a Magnetic}{chapter.7}% 60
\BOOKMARK [1][-]{section.7.2}{Magnetic Field Strength}{chapter.7}% 61
\BOOKMARK [1][-]{section.7.3}{Calculation of the Field in Magnetics}{chapter.7}% 62
\BOOKMARK [1][-]{section.7.4}{Conditions at the Interface of Two Magnetics}{chapter.7}% 63
\BOOKMARK [1][-]{section.7.5}{Kinds of Magnetics}{chapter.7}% 64
\BOOKMARK [1][-]{section.7.6}{Gyromagnetic Phenomena}{chapter.7}% 65
\BOOKMARK [1][-]{section.7.7}{Diamagnetism}{chapter.7}% 66
\BOOKMARK [1][-]{section.7.8}{Paramagnetism}{chapter.7}% 67
\BOOKMARK [1][-]{section.7.9}{Ferromagnetism}{chapter.7}% 68
\BOOKMARK [0][-]{chapter.8}{ELECTROMAGNETIC INDUCTION}{part.1}% 69
\BOOKMARK [1][-]{section.8.1}{The Phenomenon of Electromagnetic Induction}{chapter.8}% 70
\BOOKMARK [1][-]{section.8.2}{Induced E.M.F.}{chapter.8}% 71
\BOOKMARK [1][-]{section.8.3}{Ways of Measuring the Magnetic Induction}{chapter.8}% 72
\BOOKMARK [1][-]{section.8.4}{Eddy Currents}{chapter.8}% 73
\BOOKMARK [1][-]{section.8.5}{Self-Induction}{chapter.8}% 74
\BOOKMARK [1][-]{section.8.6}{Current When a Circuit Is Opened or Closed}{chapter.8}% 75
\BOOKMARK [1][-]{section.8.7}{Mutual Induction}{chapter.8}% 76
\BOOKMARK [1][-]{section.8.8}{Energy of a Magnetic Field}{chapter.8}% 77
\BOOKMARK [1][-]{section.8.9}{Work in Magnetic Reversal of a Ferromagnetic}{chapter.8}% 78
\BOOKMARK [0][-]{chapter.9}{MAXWELL'S EQUATIONS}{part.1}% 79
\BOOKMARK [1][-]{section.9.1}{Vortex Electric Field}{chapter.9}% 80
\BOOKMARK [1][-]{section.9.2}{Displacement Current}{chapter.9}% 81
\BOOKMARK [1][-]{section.9.3}{Maxwell's Equations}{chapter.9}% 82
\BOOKMARK [0][-]{chapter.10}{MOTION OF CHARGED PARTICLES IN ELECTRIC AND MAGNETIC FIELDS}{part.1}% 83
\BOOKMARK [1][-]{section.10.1}{Motion of a Charged Particle in a Homogeneous Magnetic Field}{chapter.10}% 84
\BOOKMARK [1][-]{section.10.2}{Deflection of Moving Charged Particles by an Electric and a Magnetic Field}{chapter.10}% 85
\BOOKMARK [1][-]{section.10.3}{Determination of the Charge and Mass of an Electron}{chapter.10}% 86
\BOOKMARK [1][-]{section.10.4}{Determination of the Specific Charge of Ions. Mass Spectrographs}{chapter.10}% 87
\BOOKMARK [1][-]{section.10.5}{Charged Particle Accelerators}{chapter.10}% 88
\BOOKMARK [0][-]{chapter.11}{THE CLASSICAL THEORY OF ELECTRICAL CONDUCTANCE OF METALS}{part.1}% 89
\BOOKMARK [1][-]{section.11.1}{The Nature of Current Carriers in Metals}{chapter.11}% 90
\BOOKMARK [1][-]{section.11.2}{The Elementary Classical Theory of Metals}{chapter.11}% 91
\BOOKMARK [1][-]{section.11.3}{The Hall Effect}{chapter.11}% 92
\BOOKMARK [0][-]{chapter.12}{ELECTRIC CURRENT IN GASES}{part.1}% 93
\BOOKMARK [1][-]{section.12.1}{Semi-Self-Sustained and Self-Sustained Conduction}{chapter.12}% 94
\BOOKMARK [1][-]{section.12.2}{Semi-Self-Sustained Gas Discharge}{chapter.12}% 95
\BOOKMARK [1][-]{section.12.3}{Ionization Chambers and Counters}{chapter.12}% 96
\BOOKMARK [1][-]{section.12.4}{Processes Leading to the Appearance of Current Carriers}{chapter.12}% 97
\BOOKMARK [1][-]{section.12.5}{Gas-Discharge Plasma}{chapter.12}% 98
\BOOKMARK [1][-]{section.12.6}{Glow Discharge}{chapter.12}% 99
\BOOKMARK [1][-]{section.12.7}{Arc Discharge}{chapter.12}% 100
\BOOKMARK [1][-]{section.12.8}{Spark and Corona Discharges}{chapter.12}% 101
\BOOKMARK [0][-]{chapter.13}{ELECTRICAL OSCILLATIONS}{part.1}% 102
\BOOKMARK [1][-]{section.13.1}{Quasistationary Currents}{chapter.13}% 103
\BOOKMARK [1][-]{section.13.2}{Free Oscillations in a Circuit Without a Resistance}{chapter.13}% 104
\BOOKMARK [1][-]{section.13.3}{Free Damped Oscillations}{chapter.13}% 105
\BOOKMARK [1][-]{section.13.4}{Forced Electrical Oscillations}{chapter.13}% 106
\BOOKMARK [1][-]{section.13.5}{Alternating Current}{chapter.13}% 107
\BOOKMARK [-1][-]{part.2}{II WAVES}{}% 108
\BOOKMARK [0][-]{chapter.14}{ELASTIC WAVES}{part.2}% 109
\BOOKMARK [1][-]{section.14.1}{Propagation of Waves in an Elastic Medium}{chapter.14}% 110
\BOOKMARK [1][-]{section.14.2}{Equations of a Plane and a Spherical Wave}{chapter.14}% 111
\BOOKMARK [1][-]{section.14.3}{Equation of a Plane Wave Propagating in an Arbitrary Direction}{chapter.14}% 112
\BOOKMARK [1][-]{section.14.4}{The Wave Equation}{chapter.14}% 113
\BOOKMARK [1][-]{section.14.5}{Velocity of Elastic Waves in a Solid Medium}{chapter.14}% 114
\BOOKMARK [1][-]{section.14.6}{Energy of an Elastic Wave}{chapter.14}% 115
\BOOKMARK [1][-]{section.14.7}{Standing Waves}{chapter.14}% 116
\BOOKMARK [1][-]{section.14.8}{Oscillations of a String}{chapter.14}% 117
\BOOKMARK [1][-]{section.14.9}{Sound}{chapter.14}% 118
\BOOKMARK [1][-]{section.14.10}{The Velocity of Sound in Gases}{chapter.14}% 119
\BOOKMARK [1][-]{section.14.11}{The Doppler Effect for Sound Waves}{chapter.14}% 120
\BOOKMARK [0][-]{chapter.15}{ELECTROMAGNETIC WAVES}{part.2}% 121
\BOOKMARK [1][-]{section.15.1}{The Wave Equation for an Electromagnetic Field}{chapter.15}% 122
\BOOKMARK [1][-]{section.15.2}{Plane Electromagnetic Wave}{chapter.15}% 123
\BOOKMARK [1][-]{section.15.3}{Experimental Investigation of Electromagnetic Waves}{chapter.15}% 124
\BOOKMARK [1][-]{section.15.4}{Energy of Electromagnetic Waves}{chapter.15}% 125
\BOOKMARK [1][-]{section.15.5}{Momentum of Electromagnetic Field}{chapter.15}% 126
\BOOKMARK [1][-]{section.15.6}{Dipole Emission}{chapter.15}% 127
\BOOKMARK [-1][-]{part.3}{III OPTICS}{}% 128
\BOOKMARK [0][-]{chapter.16}{OPTICS}{part.3}% 129
\BOOKMARK [1][-]{section.16.1}{The Light Wave}{chapter.16}% 130
\BOOKMARK [1][-]{section.16.2}{Representation of Harmonic Functions Using Exponents}{chapter.16}% 131
\BOOKMARK [1][-]{section.16.3}{Reflection and Refraction of a Plane Wave at the Interface Between Two Dielectrics}{chapter.16}% 132
\BOOKMARK [1][-]{section.16.4}{Luminous Flux}{chapter.16}% 133
\BOOKMARK [1][-]{section.16.5}{Photometric Quantities and Units}{chapter.16}% 134
\BOOKMARK [1][-]{section.16.6}{Geometrical Optics}{chapter.16}% 135
\BOOKMARK [1][-]{section.16.7}{Centered Optical System}{chapter.16}% 136
\BOOKMARK [1][-]{section.16.8}{Thin Lenses}{chapter.16}% 137
\BOOKMARK [1][-]{section.16.9}{Huygens' Principle}{chapter.16}% 138
\BOOKMARK [0][-]{chapter.17}{INTERFERENCE OF LIGHT}{part.3}% 139
\BOOKMARK [1][-]{section.17.1}{Interference of Light Waves}{chapter.17}% 140
\BOOKMARK [1][-]{section.17.2}{Coherence}{chapter.17}% 141
\BOOKMARK [1][-]{section.17.3}{Ways of Observing the Interference of Light}{chapter.17}% 142
\BOOKMARK [1][-]{section.17.4}{Interference of Light Reflected from Thin Plates}{chapter.17}% 143
\BOOKMARK [1][-]{section.17.5}{The Michelson Interferometer}{chapter.17}% 144
\BOOKMARK [1][-]{section.17.6}{Multibeam Interference}{chapter.17}% 145
\BOOKMARK [0][-]{chapter.18}{DIFFRACTION OF LIGHT}{part.3}% 146
\BOOKMARK [1][-]{section.18.1}{Introduction}{chapter.18}% 147
\BOOKMARK [1][-]{section.18.2}{Huygens-Fresnel Principle}{chapter.18}% 148
\BOOKMARK [1][-]{section.18.3}{Fresnel Zones}{chapter.18}% 149
\BOOKMARK [1][-]{section.18.4}{Fresnel Diffraction from Simple Barriers}{chapter.18}% 150
\BOOKMARK [1][-]{section.18.5}{Fraunhofer Diffraction from a Slit}{chapter.18}% 151
\BOOKMARK [1][-]{section.18.6}{Diffraction Grating}{chapter.18}% 152
\BOOKMARK [1][-]{section.18.7}{Diffraction of X-Rays}{chapter.18}% 153
\BOOKMARK [1][-]{section.18.8}{Resolving Power of an Objective}{chapter.18}% 154
\BOOKMARK [1][-]{section.18.9}{Holography}{chapter.18}% 155
\BOOKMARK [0][-]{chapter.19}{POLARIZATION OF LIGHT}{part.3}% 156
\BOOKMARK [1][-]{section.19.1}{Natural and Polarized Light}{chapter.19}% 157
\BOOKMARK [1][-]{section.19.2}{Polarization in Reflection and Refraction}{chapter.19}% 158
\BOOKMARK [1][-]{section.19.3}{Polarization in Double Refraction}{chapter.19}% 159
\BOOKMARK [1][-]{section.19.4}{Interference of Polarized Rays}{chapter.19}% 160
\BOOKMARK [1][-]{section.19.5}{Passing of Plane-Polarized Light Through a Crystal Plate}{chapter.19}% 161
\BOOKMARK [1][-]{section.19.6}{A Crystal Plate Between Two Polarizers}{chapter.19}% 162
\BOOKMARK [1][-]{section.19.7}{Artificial Double Refraction}{chapter.19}% 163
\BOOKMARK [1][-]{section.19.8}{Rotation of Polarization Plane}{chapter.19}% 164
\BOOKMARK [0][-]{chapter.20}{INTERACTION OF ELECTROMAGNETIC WAVES WITH A \040SUBSTANCE}{part.3}% 165
\BOOKMARK [1][-]{section.20.1}{Dispersion of Light}{chapter.20}% 166
\BOOKMARK [1][-]{section.20.2}{Group Velocity}{chapter.20}% 167
\BOOKMARK [1][-]{section.20.3}{Elementary Theory of Dispersion}{chapter.20}% 168
\BOOKMARK [1][-]{section.20.4}{Absorption of Light}{chapter.20}% 169
\BOOKMARK [1][-]{section.20.5}{Scattering of Light}{chapter.20}% 170
\BOOKMARK [1][-]{section.20.6}{The Vavilov-Cerenkov Effect}{chapter.20}% 171
\BOOKMARK [0][-]{chapter.21}{MOVING-MEDIA OPTICS}{part.3}% 172
\BOOKMARK [1][-]{section.21.1}{The Speed of Light}{chapter.21}% 173
\BOOKMARK [1][-]{section.21.2}{Fizeau's Experiment}{chapter.21}% 174
\BOOKMARK [1][-]{section.21.3}{Michelson's Experiment}{chapter.21}% 175
\BOOKMARK [1][-]{section.21.4}{The Doppler Effect}{chapter.21}% 176
\BOOKMARK [0][-]{appendix*.288}{APPENDICES}{part.3}% 177
\BOOKMARK [1][-]{section.Alph0.1}{List of Symbols}{appendix*.288}% 178
\BOOKMARK [1][-]{section.Alph0.2}{Units of Electrical and Magnetic Quantities}{appendix*.288}% 179
\BOOKMARK [1][-]{section.Alph0.3}{Basic Formulas of Electricity and Magnetism}{appendix*.288}% 180
