\BOOKMARK [0][-]{chapter*.1}{Preface}{}% 1
\BOOKMARK [0][-]{chapter*.3}{Introduction}{}% 2
\BOOKMARK [-1][-]{part.1}{A THE PHYSICAL FUNDAMENTALS OF MECHANICS}{}% 3
\BOOKMARK [0][-]{chapter.1}{KINEMATICS}{part.1}% 4
\BOOKMARK [1][-]{section.1.1}{Mechanical motion}{chapter.1}% 5
\BOOKMARK [1][-]{section.1.2}{Vectors}{chapter.1}% 6
\BOOKMARK [1][-]{section.1.3}{Velocity and Speed}{chapter.1}% 7
\BOOKMARK [1][-]{section.1.4}{Acceleration}{chapter.1}% 8
\BOOKMARK [1][-]{section.1.5}{Circular Motion}{chapter.1}% 9
\BOOKMARK [0][-]{chapter.2}{DYNAMICS OF A POINT PARTICLE}{part.1}% 10
\BOOKMARK [1][-]{section.2.1}{Classical Mechanics. Range of Its Applicability}{chapter.2}% 11
\BOOKMARK [1][-]{section.2.2}{Newton's First Law. Inertial Reference Frames}{chapter.2}% 12
\BOOKMARK [1][-]{section.2.3}{Mass and Momentum of a Body}{chapter.2}% 13
\BOOKMARK [1][-]{section.2.4}{Newton's Second Law}{chapter.2}% 14
\BOOKMARK [1][-]{section.2.5}{Units and Dimensions of Physical Quantities}{chapter.2}% 15
\BOOKMARK [1][-]{section.2.6}{Newton's Third Law}{chapter.2}% 16
\BOOKMARK [1][-]{section.2.7}{Galileo's Relativity Principle}{chapter.2}% 17
\BOOKMARK [1][-]{section.2.8}{Forces}{chapter.2}% 18
\BOOKMARK [1][-]{section.2.9}{Elastic Forces}{chapter.2}% 19
\BOOKMARK [1][-]{section.2.10}{Friction Forces}{chapter.2}% 20
\BOOKMARK [1][-]{section.2.11}{Force of Gravity and Weight}{chapter.2}% 21
\BOOKMARK [1][-]{section.2.12}{Practical Application of Newton's Laws}{chapter.2}% 22
\BOOKMARK [0][-]{chapter.3}{LAWS OF CONSERVATION}{part.1}% 23
\BOOKMARK [1][-]{section.3.1}{Quantities Obeying the Laws of Conservation}{chapter.3}% 24
\BOOKMARK [1][-]{section.3.2}{Kinetic Energy}{chapter.3}% 25
\BOOKMARK [1][-]{section.3.3}{Work}{chapter.3}% 26
\BOOKMARK [1][-]{section.3.4}{Conservative Forces}{chapter.3}% 27
\BOOKMARK [1][-]{section.3.5}{Potential Energy in an External Force Field}{chapter.3}% 28
\BOOKMARK [1][-]{section.3.6}{Potential Energy of Interaction}{chapter.3}% 29
\BOOKMARK [1][-]{section.3.7}{Law of Conservation of Energy}{chapter.3}% 30
\BOOKMARK [1][-]{section.3.8}{Energy of Elastic Deformation}{chapter.3}% 31
\BOOKMARK [1][-]{section.3.9}{Equilibrium Conditions of a Mechanical System}{chapter.3}% 32
\BOOKMARK [1][-]{section.3.10}{Law of Momentum Conservation}{chapter.3}% 33
\BOOKMARK [1][-]{section.3.11}{Collision of Two Bodies}{chapter.3}% 34
\BOOKMARK [1][-]{section.3.12}{Law of Angular Momentum Conservation}{chapter.3}% 35
\BOOKMARK [1][-]{section.3.13}{Motion in a Central Force Field}{chapter.3}% 36
\BOOKMARK [1][-]{section.3.14}{Two-Body Problem}{chapter.3}% 37
\BOOKMARK [0][-]{chapter.4}{NON-INERTIAL REFERENCE FRAMES}{part.1}% 38
\BOOKMARK [1][-]{section.4.1}{Forces of Inertia}{chapter.4}% 39
\BOOKMARK [1][-]{section.4.2}{Centrifugal Force of Inertia}{chapter.4}% 40
\BOOKMARK [1][-]{section.4.3}{Coriolis Force}{chapter.4}% 41
\BOOKMARK [1][-]{section.4.4}{Laws of Conservation in Non-Inertial Reference Frames}{chapter.4}% 42
\BOOKMARK [0][-]{chapter.5}{MECHANICS OF A RIGID BODY}{part.1}% 43
\BOOKMARK [1][-]{section.5.1}{Motion of a Body}{chapter.5}% 44
\BOOKMARK [1][-]{section.5.2}{Motion of the Centre of Mass of a Body}{chapter.5}% 45
\BOOKMARK [1][-]{section.5.3}{Rotation of a Body about a Fixed Axis}{chapter.5}% 46
\BOOKMARK [1][-]{section.5.4}{Moment of Inertia}{chapter.5}% 47
\BOOKMARK [1][-]{section.5.5}{Concept of Inertia Tensor}{chapter.5}% 48
\BOOKMARK [1][-]{section.5.6}{Kinetic Energy of a Rotating Body}{chapter.5}% 49
\BOOKMARK [1][-]{section.5.7}{Kinetic Energy of a Body in Plane Motion}{chapter.5}% 50
\BOOKMARK [1][-]{section.5.8}{Application of the Laws of Dynamics of a Body}{chapter.5}% 51
\BOOKMARK [1][-]{section.5.9}{Gyroscopes}{chapter.5}% 52
\BOOKMARK [0][-]{chapter.6}{UNIVERSAL GRAVITATION}{part.1}% 53
\BOOKMARK [1][-]{section.6.1}{Law of Universal Gravitation}{chapter.6}% 54
\BOOKMARK [1][-]{section.6.2}{Gravitational Field}{chapter.6}% 55
\BOOKMARK [1][-]{section.6.3}{The Equivalence Principle}{chapter.6}% 56
\BOOKMARK [1][-]{section.6.4}{Orbital and Escape Velocities}{chapter.6}% 57
\BOOKMARK [0][-]{chapter.7}{OSCILLATORY MOTION}{part.1}% 58
\BOOKMARK [1][-]{section.7.1}{General}{chapter.7}% 59
\BOOKMARK [1][-]{section.7.2}{Small-Amplitude Oscillations}{chapter.7}% 60
